# JRE version: OpenJDK Runtime Environment Temurin-17.0.18+8 (17.0.18+8) (build 17.0.18+8)
# Java VM: OpenJDK 64-Bit Server VM Temurin-17.0.18+8 (17.0.18+8, mixed mode, sharing, tiered, compressed oops, compressed class ptrs, g1 gc, windows-amd64)
GC Precious Log:
 CPUs: 16 total, 16 available
 Memory: 32472M
 Large Page Support: Disabled
 NUMA Support: Disabled
 Compressed Oops: Enabled (32-bit)
 Heap Region Size: 1M
 Heap Min Capacity: 8M
 Heap Initial Capacity: 508M
 Heap Max Capacity: 2G
 Pre-touch: Disabled
 Parallel Workers: 13
 Concurrent Workers: 3
 Concurrent Refinement Workers: 13
 Periodic GC: Disabled
Heap:
 garbage-first heap   total 481280K, used 245383K [0x0000000080000000, 0x0000000100000000)
  region size 1024K, 3 young (3072K), 3 survivors (3072K)
 Metaspace       used 162711K, committed 163776K, reserved 622592K
  class space    used 20360K, committed 20864K, reserved 425984K
GC Heap History (20 events):
Event: 49.297 GC heap after
{Heap after GC invocations=100 (full 0):
 garbage-first heap   total 980992K, used 125164K [0x0000000080000000, 0x0000000100000000)
  region size 1024K, 1 young (1024K), 1 survivors (1024K)
 Metaspace       used 143369K, committed 144320K, reserved 557056K
  class space    used 18185K, committed 18624K, reserved 425984K
}
Event: 51.656 GC heap before
{Heap before GC invocations=101 (full 0):
 garbage-first heap   total 481280K, used 472300K [0x0000000080000000, 0x0000000100000000)
  region size 1024K, 344 young (352256K), 1 survivors (1024K)
 Metaspace       used 149916K, committed 150912K, reserved 622592K
  class space    used 18938K, committed 19392K, reserved 425984K
}
Event: 51.659 GC heap after
{Heap after GC invocations=102 (full 0):
 garbage-first heap   total 481280K, used 123377K [0x0000000080000000, 0x0000000100000000)
  region size 1024K, 4 young (4096K), 4 survivors (4096K)
 Metaspace       used 149916K, committed 150912K, reserved 622592K
  class space    used 18938K, committed 19392K, reserved 425984K
}
Event: 51.848 GC heap before
{Heap before GC invocations=102 (full 0):
 garbage-first heap   total 481280K, used 141809K [0x0000000080000000, 0x0000000100000000)
  region size 1024K, 23 young (23552K), 4 survivors (4096K)
 Metaspace       used 151060K, committed 152064K, reserved 622592K
  class space    used 19086K, committed 19520K, reserved 425984K
}
Event: 51.851 GC heap after
{Heap after GC invocations=103 (full 0):
 garbage-first heap   total 481280K, used 118269K [0x0000000080000000, 0x0000000100000000)
  region size 1024K, 1 young (1024K), 1 survivors (1024K)
 Metaspace       used 151060K, committed 152064K, reserved 622592K
  class space    used 19086K, committed 19520K, reserved 425984K
}
Event: 54.794 GC heap before
{Heap before GC invocations=103 (full 0):
 garbage-first heap   total 481280K, used 413181K [0x0000000080000000, 0x0000000100000000)
  region size 1024K, 282 young (288768K), 1 survivors (1024K)
 Metaspace       used 157905K, committed 158848K, reserved 622592K
  class space    used 20010K, committed 20416K, reserved 425984K
}
Event: 54.808 GC heap after
{Heap after GC invocations=104 (full 0):
 garbage-first heap   total 481280K, used 172944K [0x0000000080000000, 0x0000000100000000)
  region size 1024K, 36 young (36864K), 36 survivors (36864K)
 Metaspace       used 157905K, committed 158848K, reserved 622592K
  class space    used 20010K, committed 20416K, reserved 425984K
}
Event: 56.203 GC heap before
{Heap before GC invocations=104 (full 0):
 garbage-first heap   total 481280K, used 326544K [0x0000000080000000, 0x0000000100000000)
  region size 1024K, 187 young (191488K), 36 survivors (36864K)
 Metaspace       used 161056K, committed 162112K, reserved 622592K
  class space    used 20303K, committed 20800K, reserved 425984K
}
Event: 56.220 GC heap after
{Heap after GC invocations=105 (full 0):
 garbage-first heap   total 481280K, used 215341K [0x0000000080000000, 0x0000000100000000)
  region size 1024K, 29 young (29696K), 29 survivors (29696K)
 Metaspace       used 161056K, committed 162112K, reserved 622592K
  class space    used 20303K, committed 20800K, reserved 425984K
}
Event: 56.700 GC heap before
{Heap before GC invocations=106 (full 0):
 garbage-first heap   total 481280K, used 359424K [0x0000000080000000, 0x0000000100000000)
  region size 1024K, 168 young (172032K), 29 survivors (29696K)
 Metaspace       used 161639K, committed 162752K, reserved 622592K
  class space    used 20339K, committed 20864K, reserved 425984K
}
Event: 56.718 GC heap after
{Heap after GC invocations=107 (full 0):
 garbage-first heap   total 481280K, used 268800K [0x0000000080000000, 0x0000000100000000)
  region size 1024K, 21 young (21504K), 21 survivors (21504K)
 Metaspace       used 161639K, committed 162752K, reserved 622592K
  class space    used 20339K, committed 20864K, reserved 425984K
}
Event: 56.722 GC heap before
{Heap before GC invocations=107 (full 0):
 garbage-first heap   total 481280K, used 270848K [0x0000000080000000, 0x0000000100000000)
  region size 1024K, 23 young (23552K), 21 survivors (21504K)
 Metaspace       used 161639K, committed 162752K, reserved 622592K
  class space    used 20339K, committed 20864K, reserved 425984K
}
Event: 56.729 GC heap after
{Heap after GC invocations=108 (full 0):
 garbage-first heap   total 481280K, used 271360K [0x0000000080000000, 0x0000000100000000)
  region size 1024K, 3 young (3072K), 3 survivors (3072K)
 Metaspace       used 161639K, committed 162752K, reserved 622592K
  class space    used 20339K, committed 20864K, reserved 425984K
}
Event: 57.612 GC heap before
{Heap before GC invocations=108 (full 0):
 garbage-first heap   total 481280K, used 365568K [0x0000000080000000, 0x0000000100000000)
  region size 1024K, 96 young (98304K), 3 survivors (3072K)
 Metaspace       used 162453K, committed 163520K, reserved 622592K
  class space    used 20354K, committed 20864K, reserved 425984K
}
Event: 57.621 GC heap after
{Heap after GC invocations=109 (full 0):
 garbage-first heap   total 481280K, used 301052K [0x0000000080000000, 0x0000000100000000)
  region size 1024K, 12 young (12288K), 12 survivors (12288K)
 Metaspace       used 162453K, committed 163520K, reserved 622592K
  class space    used 20354K, committed 20864K, reserved 425984K
}
Event: 57.850 GC heap before
{Heap before GC invocations=110 (full 0):
 garbage-first heap   total 481280K, used 319484K [0x0000000080000000, 0x0000000100000000)
  region size 1024K, 87 young (89088K), 12 survivors (12288K)
 Metaspace       used 162509K, committed 163584K, reserved 622592K
  class space    used 20354K, committed 20864K, reserved 425984K
}
Event: 57.860 GC heap after
{Heap after GC invocations=111 (full 0):
 garbage-first heap   total 481280K, used 268901K [0x0000000080000000, 0x0000000100000000)
  region size 1024K, 11 young (11264K), 11 survivors (11264K)
 Metaspace       used 162509K, committed 163584K, reserved 622592K
  class space    used 20354K, committed 20864K, reserved 425984K
}
Event: 57.871 GC heap before
{Heap before GC invocations=111 (full 0):
 garbage-first heap   total 481280K, used 280165K [0x0000000080000000, 0x0000000100000000)
  region size 1024K, 23 young (23552K), 11 survivors (11264K)
 Metaspace       used 162509K, committed 163584K, reserved 622592K
  class space    used 20354K, committed 20864K, reserved 425984K
}
Event: 57.878 GC heap after
{Heap after GC invocations=112 (full 0):
 garbage-first heap   total 481280K, used 234496K [0x0000000080000000, 0x0000000100000000)
  region size 1024K, 3 young (3072K), 3 survivors (3072K)
 Metaspace       used 162509K, committed 163584K, reserved 622592K
  class space    used 20354K, committed 20864K, reserved 425984K
}
Event: 58.075 GC heap before
{Heap before GC invocations=112 (full 0):
 garbage-first heap   total 481280K, used 262144K [0x0000000080000000, 0x0000000100000000)
  region size 1024K, 23 young (23552K), 3 survivors (3072K)
 Metaspace       used 162711K, committed 163776K, reserved 622592K
  class space    used 20360K, committed 20864K, reserved 425984K
}

